[debug] [2025-02-11T08:13:25.502Z] ----------------------------------------------------------------------
[debug] [2025-02-11T08:13:25.506Z] Command:       C:\Program Files\nodejs\node.exe C:\Users\jospi\AppData\Roaming\npm\node_modules\firebase-tools\lib\bin\firebase.js deploy
[debug] [2025-02-11T08:13:25.507Z] CLI Version:   13.27.0
[debug] [2025-02-11T08:13:25.507Z] Platform:      win32
[debug] [2025-02-11T08:13:25.507Z] Node Version:  v20.13.1
[debug] [2025-02-11T08:13:25.507Z] Time:          Tue Feb 11 2025 10:13:25 GMT+0200 (heure normale d’Afrique méridionale)
[debug] [2025-02-11T08:13:25.508Z] ----------------------------------------------------------------------
[debug] 
[debug] [2025-02-11T08:13:25.618Z] > command requires scopes: ["email","openid","https://www.googleapis.com/auth/cloudplatformprojects.readonly","https://www.googleapis.com/auth/firebase","https://www.googleapis.com/auth/cloud-platform"]
[debug] [2025-02-11T08:13:25.619Z] > authorizing via signed-in user (jospinndagano1@gmail.com)
[debug] [2025-02-11T08:13:25.619Z] [iam] checking project bibliothequenumeriqueucb-b2813 for permissions ["firebase.projects.get","firebasehosting.sites.update"]
[debug] [2025-02-11T08:13:25.621Z] Checked if tokens are valid: true, expires at: 1739264356486
[debug] [2025-02-11T08:13:25.622Z] Checked if tokens are valid: true, expires at: 1739264356486
[debug] [2025-02-11T08:13:25.623Z] >>> [apiv2][query] POST https://cloudresourcemanager.googleapis.com/v1/projects/bibliothequenumeriqueucb-b2813:testIamPermissions [none]
[debug] [2025-02-11T08:13:25.623Z] >>> [apiv2][(partial)header] POST https://cloudresourcemanager.googleapis.com/v1/projects/bibliothequenumeriqueucb-b2813:testIamPermissions x-goog-quota-user=projects/bibliothequenumeriqueucb-b2813
[debug] [2025-02-11T08:13:25.623Z] >>> [apiv2][body] POST https://cloudresourcemanager.googleapis.com/v1/projects/bibliothequenumeriqueucb-b2813:testIamPermissions {"permissions":["firebase.projects.get","firebasehosting.sites.update"]}
[debug] [2025-02-11T08:13:27.485Z] <<< [apiv2][status] POST https://cloudresourcemanager.googleapis.com/v1/projects/bibliothequenumeriqueucb-b2813:testIamPermissions 200
[debug] [2025-02-11T08:13:27.485Z] <<< [apiv2][body] POST https://cloudresourcemanager.googleapis.com/v1/projects/bibliothequenumeriqueucb-b2813:testIamPermissions {"permissions":["firebase.projects.get","firebasehosting.sites.update"]}
[debug] [2025-02-11T08:13:27.486Z] Checked if tokens are valid: true, expires at: 1739264356486
[debug] [2025-02-11T08:13:27.486Z] Checked if tokens are valid: true, expires at: 1739264356486
[debug] [2025-02-11T08:13:27.487Z] >>> [apiv2][query] GET https://firebase.googleapis.com/v1beta1/projects/bibliothequenumeriqueucb-b2813 [none]
[debug] [2025-02-11T08:13:28.167Z] <<< [apiv2][status] GET https://firebase.googleapis.com/v1beta1/projects/bibliothequenumeriqueucb-b2813 200
[debug] [2025-02-11T08:13:28.167Z] <<< [apiv2][body] GET https://firebase.googleapis.com/v1beta1/projects/bibliothequenumeriqueucb-b2813 {"projectId":"bibliothequenumeriqueucb-b2813","projectNumber":"1020815074696","displayName":"bibliothequenumeriqueucb","name":"projects/bibliothequenumeriqueucb-b2813","resources":{"hostingSite":"bibliothequenumeriqueucb-b2813"},"state":"ACTIVE","etag":"1_58955e41-3a22-4fa1-9214-c5bfb04690dd"}
[debug] [2025-02-11T08:13:32.145Z] defaultcredentials: writing to file C:\Users\jospi\AppData\Roaming\firebase\jospinndagano1_gmail_com_application_default_credentials.json
[debug] [2025-02-11T08:13:32.148Z] Checked if tokens are valid: true, expires at: 1739264356486
[debug] [2025-02-11T08:13:32.148Z] Checked if tokens are valid: true, expires at: 1739264356486
[debug] [2025-02-11T08:13:32.149Z] >>> [apiv2][query] GET https://firebasehosting.googleapis.com/v1beta1/projects/bibliothequenumeriqueucb-b2813/sites pageToken=&pageSize=10
[debug] [2025-02-11T08:13:34.287Z] <<< [apiv2][status] GET https://firebasehosting.googleapis.com/v1beta1/projects/bibliothequenumeriqueucb-b2813/sites 200
[debug] [2025-02-11T08:13:34.287Z] <<< [apiv2][body] GET https://firebasehosting.googleapis.com/v1beta1/projects/bibliothequenumeriqueucb-b2813/sites {"sites":[{"name":"projects/bibliothequenumeriqueucb-b2813/sites/bibliothequenumeriqueucb-b2813","defaultUrl":"https://bibliothequenumeriqueucb-b2813.web.app","type":"DEFAULT_SITE"},{"name":"projects/bibliothequenumeriqueucb-b2813/sites/bibliothequenumeriqueucb-b2813-fffca","defaultUrl":"https://bibliothequenumeriqueucb-b2813-fffca.web.app","appId":"1:1020815074696:web:fa258efeb7f30d85e2463d","type":"USER_SITE"}]}
[debug] [2025-02-11T08:13:34.289Z] Checked if tokens are valid: true, expires at: 1739264356486
[debug] [2025-02-11T08:13:34.290Z] Checked if tokens are valid: true, expires at: 1739264356486
[debug] [2025-02-11T08:13:34.290Z] >>> [apiv2][query] GET https://firebasehosting.googleapis.com/v1beta1/projects/bibliothequenumeriqueucb-b2813/sites 
[debug] [2025-02-11T08:13:34.743Z] <<< [apiv2][status] GET https://firebasehosting.googleapis.com/v1beta1/projects/bibliothequenumeriqueucb-b2813/sites 200
[debug] [2025-02-11T08:13:34.744Z] <<< [apiv2][body] GET https://firebasehosting.googleapis.com/v1beta1/projects/bibliothequenumeriqueucb-b2813/sites {"sites":[{"name":"projects/bibliothequenumeriqueucb-b2813/sites/bibliothequenumeriqueucb-b2813","defaultUrl":"https://bibliothequenumeriqueucb-b2813.web.app","type":"DEFAULT_SITE"},{"name":"projects/bibliothequenumeriqueucb-b2813/sites/bibliothequenumeriqueucb-b2813-fffca","defaultUrl":"https://bibliothequenumeriqueucb-b2813-fffca.web.app","appId":"1:1020815074696:web:fa258efeb7f30d85e2463d","type":"USER_SITE"}]}
[debug] [2025-02-11T08:13:34.745Z] Checked if tokens are valid: true, expires at: 1739264356486
[debug] [2025-02-11T08:13:34.745Z] Checked if tokens are valid: true, expires at: 1739264356486
[debug] [2025-02-11T08:13:34.746Z] >>> [apiv2][query] GET https://firebase.googleapis.com/v1beta1/projects/bibliothequenumeriqueucb-b2813/webApps/-/config [none]
[debug] [2025-02-11T08:13:35.615Z] <<< [apiv2][status] GET https://firebase.googleapis.com/v1beta1/projects/bibliothequenumeriqueucb-b2813/webApps/-/config 200
[debug] [2025-02-11T08:13:35.615Z] <<< [apiv2][body] GET https://firebase.googleapis.com/v1beta1/projects/bibliothequenumeriqueucb-b2813/webApps/-/config {"projectId":"bibliothequenumeriqueucb-b2813","appId":"1:1020815074696:web:fa258efeb7f30d85e2463d","storageBucket":"bibliothequenumeriqueucb-b2813.firebasestorage.app","apiKey":"AIzaSyA43_J-6ebswWcOF52IYnDJ3Dxw1Zaz4Q0","authDomain":"bibliothequenumeriqueucb-b2813.firebaseapp.com","messagingSenderId":"1020815074696"}
[info] 
   Thank you for trying our early preview of Next.js support on Firebase Hosting.
   During the preview, support is best-effort and breaking changes can be expected. Proceed with caution.
   The integration is known to work with Next.js version 12 - 15.0. You may encounter errors.

   Documentation: https://firebase.google.com/docs/hosting/frameworks/nextjs
   File a bug: https://github.com/firebase/firebase-tools/issues/new?template=bug_report.md
   Submit a feature request: https://github.com/firebase/firebase-tools/issues/new?template=feature_request.md

   We'd love to learn from you. Express your interest in helping us shape the future of Firebase Hosting: https://goo.gle/41enW5X

[debug] [2025-02-11T08:13:45.176Z] Checked if tokens are valid: true, expires at: 1739264356486
[debug] [2025-02-11T08:13:45.176Z] Checked if tokens are valid: true, expires at: 1739264356486
[debug] [2025-02-11T08:13:45.177Z] >>> [apiv2][query] GET https://firebasehosting.googleapis.com/v1beta1/projects/bibliothequenumeriqueucb-b2813/sites/bibliothequenumeriqueucb-b2813 [none]
[debug] [2025-02-11T08:13:47.133Z] <<< [apiv2][status] GET https://firebasehosting.googleapis.com/v1beta1/projects/bibliothequenumeriqueucb-b2813/sites/bibliothequenumeriqueucb-b2813 200
[debug] [2025-02-11T08:13:47.134Z] <<< [apiv2][body] GET https://firebasehosting.googleapis.com/v1beta1/projects/bibliothequenumeriqueucb-b2813/sites/bibliothequenumeriqueucb-b2813 {"name":"projects/bibliothequenumeriqueucb-b2813/sites/bibliothequenumeriqueucb-b2813","defaultUrl":"https://bibliothequenumeriqueucb-b2813.web.app","type":"DEFAULT_SITE"}
[info]    ▲ Next.js 15.1.7

[info] 

[info]    Creating an optimized production build ...

[info] uncaughtException [Error: EPERM: operation not permitted, open 'C:\Users\jospi\Desktop\bibliothequenumeriqueucb\.next\trace'] {
  errno: -4048,
  code: 'EPERM',
  syscall: 'open',
  path: 'C:\\Users\\jospi\\Desktop\\bibliothequenumeriqueucb\\.next\\trace'
}

[debug] [2025-02-11T08:13:59.283Z] Error: ENOENT: no such file or directory, open 'C:\Users\jospi\Desktop\bibliothequenumeriqueucb\.next\server\middleware-manifest.json'
[error] 
[error] Error: An unexpected error has occurred.
